<?xml version="1.0" encoding="utf-8"?>
<TestRun id="0ba3a0a7-5f41-4361-866b-6568f1479203" name="@Mac 2025-09-06 04:46:21" xmlns="http://microsoft.com/schemas/VisualStudio/TeamTest/2010">
  <Times creation="2025-09-06T04:46:21.8933850-05:00" queuing="2025-09-06T04:46:21.8933850-05:00" start="2025-09-06T04:46:21.0855450-05:00" finish="2025-09-06T04:46:21.8954380-05:00" />
  <TestSettings name="default" id="91eb9ba3-efc3-4d6a-b0da-f874f39b52d5">
    <Deployment runDeploymentRoot="_Mac_2025-09-06_04_46_21" />
  </TestSettings>
  <Results>
    <UnitTestResult executionId="99c176ce-ba6b-4597-b28b-5644ee86a9fe" testId="37ca7b7b-88f6-a789-158f-9757b0b5d255" testName="Facet.Extensions.EFCore.Tests.Extensions.AsyncProjectionExtensionsTests.FirstFacetAsync_WithEmailFilter_ReturnsMatchingDto" computerName="Mac" duration="00:00:00.0048454" startTime="2025-09-06T04:46:21.8515480-05:00" endTime="2025-09-06T04:46:21.8515540-05:00" testType="13cdc9d9-ddb5-4fa4-a97d-d965ccfc6d4b" outcome="Failed" testListId="8c84fa94-04c1-424b-9868-57a2d4851a1d" relativeResultsDirectory="99c176ce-ba6b-4597-b28b-5644ee86a9fe">
      <Output>
        <ErrorInfo>
          <Message>System.InvalidOperationException : Type UserDto must define a public static Projection property.</Message>
          <StackTrace>   at Facet.Extensions.FacetExtensions.GetDeclaredProjectionLambda(Type targetType) in /Users/darrenkattan/Documents/GitHub/immybot/submodules/Facet/src/Facet.Extensions/FacetExtensions.cs:line 243
   at Facet.Extensions.FacetExtensions.SelectFacet[TTarget](IQueryable source) in /Users/darrenkattan/Documents/GitHub/immybot/submodules/Facet/src/Facet.Extensions/FacetExtensions.cs:line 200
   at Facet.Extensions.EFCore.FacetEfCoreExtensions.FirstFacetAsync[TTarget](IQueryable source, CancellationToken cancellationToken) in /Users/darrenkattan/Documents/GitHub/immybot/submodules/Facet/src/Facet.Extensions.EFCore/FacetEfCoreExtensions.cs:line 161
   at Facet.Extensions.EFCore.Tests.Extensions.AsyncProjectionExtensionsTests.FirstFacetAsync_WithEmailFilter_ReturnsMatchingDto() in /Users/darrenkattan/Documents/GitHub/immybot/submodules/Facet/test/Facet.Extensions.EFCore.Tests/Extensions/AsyncProjectionExtensionsTests.cs:line 72
--- End of stack trace from previous location ---</StackTrace>
        </ErrorInfo>
      </Output>
    </UnitTestResult>
  </Results>
  <TestDefinitions>
    <UnitTest name="Facet.Extensions.EFCore.Tests.Extensions.AsyncProjectionExtensionsTests.FirstFacetAsync_WithEmailFilter_ReturnsMatchingDto" storage="/users/darrenkattan/documents/github/immybot/submodules/facet/test/facet.extensions.efcore.tests/bin/debug/net8.0/facet.extensions.efcore.tests.dll" id="37ca7b7b-88f6-a789-158f-9757b0b5d255">
      <Execution id="99c176ce-ba6b-4597-b28b-5644ee86a9fe" />
      <TestMethod codeBase="/Users/darrenkattan/Documents/GitHub/immybot/submodules/Facet/test/Facet.Extensions.EFCore.Tests/bin/Debug/net8.0/Facet.Extensions.EFCore.Tests.dll" adapterTypeName="executor://xunit/VsTestRunner2/netcoreapp" className="Facet.Extensions.EFCore.Tests.Extensions.AsyncProjectionExtensionsTests" name="FirstFacetAsync_WithEmailFilter_ReturnsMatchingDto" />
    </UnitTest>
  </TestDefinitions>
  <TestEntries>
    <TestEntry testId="37ca7b7b-88f6-a789-158f-9757b0b5d255" executionId="99c176ce-ba6b-4597-b28b-5644ee86a9fe" testListId="8c84fa94-04c1-424b-9868-57a2d4851a1d" />
  </TestEntries>
  <TestLists>
    <TestList name="Results Not in a List" id="8c84fa94-04c1-424b-9868-57a2d4851a1d" />
    <TestList name="All Loaded Results" id="19431567-8539-422a-85d7-44ee4e166bda" />
  </TestLists>
  <ResultSummary outcome="Failed">
    <Counters total="1" executed="1" passed="0" failed="1" error="0" timeout="0" aborted="0" inconclusive="0" passedButRunAborted="0" notRunnable="0" notExecuted="0" disconnected="0" warning="0" completed="0" inProgress="0" pending="0" />
    <Output>
      <StdOut>[xUnit.net 00:00:00.00] xUnit.net VSTest Adapter v2.8.2+699d445a1a (64-bit .NET 8.0.12)
[xUnit.net 00:00:00.05]   Discovering: Facet.Extensions.EFCore.Tests
[xUnit.net 00:00:00.08]   Discovered:  Facet.Extensions.EFCore.Tests
[xUnit.net 00:00:00.09]   Starting:    Facet.Extensions.EFCore.Tests
[xUnit.net 00:00:00.40]       System.InvalidOperationException : Type UserDto must define a public static Projection property.
[xUnit.net 00:00:00.40]       Stack Trace:
[xUnit.net 00:00:00.40]         /Users/darrenkattan/Documents/GitHub/immybot/submodules/Facet/src/Facet.Extensions/FacetExtensions.cs(243,0): at Facet.Extensions.FacetExtensions.GetDeclaredProjectionLambda(Type targetType)
[xUnit.net 00:00:00.40]         /Users/darrenkattan/Documents/GitHub/immybot/submodules/Facet/src/Facet.Extensions/FacetExtensions.cs(200,0): at Facet.Extensions.FacetExtensions.SelectFacet[TTarget](IQueryable source)
[xUnit.net 00:00:00.40]         /Users/darrenkattan/Documents/GitHub/immybot/submodules/Facet/src/Facet.Extensions.EFCore/FacetEfCoreExtensions.cs(161,0): at Facet.Extensions.EFCore.FacetEfCoreExtensions.FirstFacetAsync[TTarget](IQueryable source, CancellationToken cancellationToken)
[xUnit.net 00:00:00.40]         /Users/darrenkattan/Documents/GitHub/immybot/submodules/Facet/test/Facet.Extensions.EFCore.Tests/Extensions/AsyncProjectionExtensionsTests.cs(72,0): at Facet.Extensions.EFCore.Tests.Extensions.AsyncProjectionExtensionsTests.FirstFacetAsync_WithEmailFilter_ReturnsMatchingDto()
[xUnit.net 00:00:00.40]         --- End of stack trace from previous location ---
[xUnit.net 00:00:00.40]   Finished:    Facet.Extensions.EFCore.Tests
</StdOut>
    </Output>
    <RunInfos>
      <RunInfo computerName="Mac" outcome="Error" timestamp="2025-09-06T04:46:21.8509050-05:00">
        <Text>[xUnit.net 00:00:00.40]     Facet.Extensions.EFCore.Tests.Extensions.AsyncProjectionExtensionsTests.FirstFacetAsync_WithEmailFilter_ReturnsMatchingDto [FAIL]</Text>
      </RunInfo>
    </RunInfos>
  </ResultSummary>
</TestRun>